<?xml version="1.0" encoding="UTF-8"?>
<testsuite name="de.microtema.api.MessageServiceTest" tests="1" skipped="0" failures="0" errors="0" timestamp="2019-07-11T09:04:31" hostname="ite00773.local" time="0.047">
  <properties/>
  <testcase name="GetMessage" classname="de.microtema.api.MessageServiceTest" time="0.047"/>
  <system-out><![CDATA[]]></system-out>
  <system-err><![CDATA[]]></system-err>
</testsuite>
